# JRE version: OpenJDK Runtime Environment (17.0.10) (build 17.0.10+0--11572160)
# Java VM: OpenJDK 64-Bit Server VM (17.0.10+0--11572160, mixed mode, tiered, compressed oops, compressed class ptrs, g1 gc, windows-amd64)
GC Precious Log:
 CPUs: 4 total, 4 available
 Memory: 3953M
 Large Page Support: Disabled
 NUMA Support: Disabled
 Compressed Oops: Enabled (32-bit)
 Heap Region Size: 1M
 Heap Min Capacity: 8M
 Heap Initial Capacity: 62M
 Heap Max Capacity: 2G
 Pre-touch: Disabled
 Parallel Workers: 4
 Concurrent Workers: 1
 Concurrent Refinement Workers: 4
 Periodic GC: Disabled
Heap:
 garbage-first heap   total 115712K, used 56254K [0x0000000080000000, 0x0000000100000000)
  region size 1024K, 5 young (5120K), 5 survivors (5120K)
 Metaspace       used 53188K, committed 53696K, reserved 1114112K
  class space    used 7223K, committed 7488K, reserved 1048576K
GC Heap History (20 events):
Event: 4.587 GC heap after
{Heap after GC invocations=8 (full 0):
 garbage-first heap   total 63488K, used 20806K [0x0000000080000000, 0x0000000100000000)
  region size 1024K, 2 young (2048K), 2 survivors (2048K)
 Metaspace       used 25598K, committed 25792K, reserved 1114112K
  class space    used 3222K, committed 3328K, reserved 1048576K
}
Event: 4.608 GC heap before
{Heap before GC invocations=8 (full 0):
 garbage-first heap   total 63488K, used 20806K [0x0000000080000000, 0x0000000100000000)
  region size 1024K, 3 young (3072K), 2 survivors (2048K)
 Metaspace       used 25721K, committed 26048K, reserved 1114112K
  class space    used 3246K, committed 3392K, reserved 1048576K
}
Event: 4.615 GC heap after
{Heap after GC invocations=9 (full 0):
 garbage-first heap   total 63488K, used 20886K [0x0000000080000000, 0x0000000100000000)
  region size 1024K, 1 young (1024K), 1 survivors (1024K)
 Metaspace       used 25721K, committed 26048K, reserved 1114112K
  class space    used 3246K, committed 3392K, reserved 1048576K
}
Event: 5.128 GC heap before
{Heap before GC invocations=9 (full 0):
 garbage-first heap   total 63488K, used 47510K [0x0000000080000000, 0x0000000100000000)
  region size 1024K, 27 young (27648K), 1 survivors (1024K)
 Metaspace       used 28795K, committed 29056K, reserved 1114112K
  class space    used 3813K, committed 3968K, reserved 1048576K
}
Event: 5.133 GC heap after
{Heap after GC invocations=10 (full 0):
 garbage-first heap   total 63488K, used 22257K [0x0000000080000000, 0x0000000100000000)
  region size 1024K, 2 young (2048K), 2 survivors (2048K)
 Metaspace       used 28795K, committed 29056K, reserved 1114112K
  class space    used 3813K, committed 3968K, reserved 1048576K
}
Event: 5.661 GC heap before
{Heap before GC invocations=10 (full 0):
 garbage-first heap   total 63488K, used 47857K [0x0000000080000000, 0x0000000100000000)
  region size 1024K, 27 young (27648K), 2 survivors (2048K)
 Metaspace       used 31990K, committed 32384K, reserved 1114112K
  class space    used 4331K, committed 4544K, reserved 1048576K
}
Event: 5.668 GC heap after
{Heap after GC invocations=11 (full 0):
 garbage-first heap   total 63488K, used 23720K [0x0000000080000000, 0x0000000100000000)
  region size 1024K, 4 young (4096K), 4 survivors (4096K)
 Metaspace       used 31990K, committed 32384K, reserved 1114112K
  class space    used 4331K, committed 4544K, reserved 1048576K
}
Event: 6.113 GC heap before
{Heap before GC invocations=11 (full 0):
 garbage-first heap   total 63488K, used 34984K [0x0000000080000000, 0x0000000100000000)
  region size 1024K, 12 young (12288K), 4 survivors (4096K)
 Metaspace       used 32823K, committed 33216K, reserved 1114112K
  class space    used 4486K, committed 4672K, reserved 1048576K
}
Event: 6.119 GC heap after
{Heap after GC invocations=12 (full 0):
 garbage-first heap   total 115712K, used 30386K [0x0000000080000000, 0x0000000100000000)
  region size 1024K, 3 young (3072K), 3 survivors (3072K)
 Metaspace       used 32823K, committed 33216K, reserved 1114112K
  class space    used 4486K, committed 4672K, reserved 1048576K
}
Event: 7.068 GC heap before
{Heap before GC invocations=12 (full 0):
 garbage-first heap   total 115712K, used 63154K [0x0000000080000000, 0x0000000100000000)
  region size 1024K, 30 young (30720K), 3 survivors (3072K)
 Metaspace       used 35726K, committed 36096K, reserved 1114112K
  class space    used 4927K, committed 5120K, reserved 1048576K
}
Event: 7.075 GC heap after
{Heap after GC invocations=13 (full 0):
 garbage-first heap   total 115712K, used 40584K [0x0000000080000000, 0x0000000100000000)
  region size 1024K, 7 young (7168K), 7 survivors (7168K)
 Metaspace       used 35726K, committed 36096K, reserved 1114112K
  class space    used 4927K, committed 5120K, reserved 1048576K
}
Event: 8.163 GC heap before
{Heap before GC invocations=14 (full 0):
 garbage-first heap   total 115712K, used 85640K [0x0000000080000000, 0x0000000100000000)
  region size 1024K, 52 young (53248K), 7 survivors (7168K)
 Metaspace       used 43201K, committed 43648K, reserved 1114112K
  class space    used 5786K, committed 6016K, reserved 1048576K
}
Event: 8.171 GC heap after
{Heap after GC invocations=15 (full 0):
 garbage-first heap   total 115712K, used 44750K [0x0000000080000000, 0x0000000100000000)
  region size 1024K, 7 young (7168K), 7 survivors (7168K)
 Metaspace       used 43201K, committed 43648K, reserved 1114112K
  class space    used 5786K, committed 6016K, reserved 1048576K
}
Event: 8.178 GC heap before
{Heap before GC invocations=15 (full 0):
 garbage-first heap   total 115712K, used 45774K [0x0000000080000000, 0x0000000100000000)
  region size 1024K, 8 young (8192K), 7 survivors (7168K)
 Metaspace       used 43201K, committed 43648K, reserved 1114112K
  class space    used 5786K, committed 6016K, reserved 1048576K
}
Event: 8.188 GC heap after
{Heap after GC invocations=16 (full 0):
 garbage-first heap   total 115712K, used 45231K [0x0000000080000000, 0x0000000100000000)
  region size 1024K, 1 young (1024K), 1 survivors (1024K)
 Metaspace       used 43201K, committed 43648K, reserved 1114112K
  class space    used 5786K, committed 6016K, reserved 1048576K
}
Event: 8.939 GC heap before
{Heap before GC invocations=16 (full 0):
 garbage-first heap   total 115712K, used 92335K [0x0000000080000000, 0x0000000100000000)
  region size 1024K, 43 young (44032K), 1 survivors (1024K)
 Metaspace       used 47251K, committed 47744K, reserved 1114112K
  class space    used 6273K, committed 6528K, reserved 1048576K
}
Event: 8.947 GC heap after
{Heap after GC invocations=17 (full 0):
 garbage-first heap   total 115712K, used 48567K [0x0000000080000000, 0x0000000100000000)
  region size 1024K, 4 young (4096K), 4 survivors (4096K)
 Metaspace       used 47251K, committed 47744K, reserved 1114112K
  class space    used 6273K, committed 6528K, reserved 1048576K
}
Event: 9.674 GC heap before
{Heap before GC invocations=17 (full 0):
 garbage-first heap   total 115712K, used 89527K [0x0000000080000000, 0x0000000100000000)
  region size 1024K, 44 young (45056K), 4 survivors (4096K)
 Metaspace       used 51863K, committed 52288K, reserved 1114112K
  class space    used 7023K, committed 7232K, reserved 1048576K
}
Event: 9.682 GC heap after
{Heap after GC invocations=18 (full 0):
 garbage-first heap   total 115712K, used 50535K [0x0000000080000000, 0x0000000100000000)
  region size 1024K, 2 young (2048K), 2 survivors (2048K)
 Metaspace       used 51863K, committed 52288K, reserved 1114112K
  class space    used 7023K, committed 7232K, reserved 1048576K
}
Event: 10.278 GC heap before
{Heap before GC invocations=18 (full 0):
 garbage-first heap   total 115712K, used 75111K [0x0000000080000000, 0x0000000100000000)
  region size 1024K, 24 young (24576K), 2 survivors (2048K)
 Metaspace       used 53188K, committed 53696K, reserved 1114112K
  class space    used 7223K, committed 7488K, reserved 1048576K
}

