# JRE version: OpenJDK Runtime Environment (17.0.10) (build 17.0.10+0--11572160)
# Java VM: OpenJDK 64-Bit Server VM (17.0.10+0--11572160, mixed mode, tiered, compressed oops, compressed class ptrs, g1 gc, windows-amd64)
GC Precious Log:
 CPUs: 4 total, 4 available
 Memory: 3953M
 Large Page Support: Disabled
 NUMA Support: Disabled
 Compressed Oops: Enabled (32-bit)
 Heap Region Size: 1M
 Heap Min Capacity: 8M
 Heap Initial Capacity: 62M
 Heap Max Capacity: 2G
 Pre-touch: Disabled
 Parallel Workers: 4
 Concurrent Workers: 1
 Concurrent Refinement Workers: 4
 Periodic GC: Disabled
Heap:
 garbage-first heap   total 171008K, used 107689K [0x0000000080000000, 0x0000000100000000)
  region size 1024K, 17 young (17408K), 3 survivors (3072K)
 Metaspace       used 85551K, committed 86336K, reserved 1179648K
  class space    used 11938K, committed 12288K, reserved 1048576K
GC Heap History (20 events):
Event: 14.593 GC heap before
{Heap before GC invocations=31 (full 0):
 garbage-first heap   total 140288K, used 104724K [0x0000000080000000, 0x0000000100000000)
  region size 1024K, 41 young (41984K), 3 survivors (3072K)
 Metaspace       used 62753K, committed 63424K, reserved 1114112K
  class space    used 8489K, committed 8832K, reserved 1048576K
}
Event: 14.601 GC heap after
{Heap after GC invocations=32 (full 0):
 garbage-first heap   total 140288K, used 66937K [0x0000000080000000, 0x0000000100000000)
  region size 1024K, 4 young (4096K), 4 survivors (4096K)
 Metaspace       used 62753K, committed 63424K, reserved 1114112K
  class space    used 8489K, committed 8832K, reserved 1048576K
}
Event: 16.334 GC heap before
{Heap before GC invocations=32 (full 0):
 garbage-first heap   total 140288K, used 108921K [0x0000000080000000, 0x0000000100000000)
  region size 1024K, 45 young (46080K), 4 survivors (4096K)
 Metaspace       used 67198K, committed 67904K, reserved 1114112K
  class space    used 9207K, committed 9536K, reserved 1048576K
}
Event: 16.345 GC heap after
{Heap after GC invocations=33 (full 0):
 garbage-first heap   total 140288K, used 69706K [0x0000000080000000, 0x0000000100000000)
  region size 1024K, 6 young (6144K), 6 survivors (6144K)
 Metaspace       used 67198K, committed 67904K, reserved 1114112K
  class space    used 9207K, committed 9536K, reserved 1048576K
}
Event: 18.434 GC heap before
{Heap before GC invocations=34 (full 0):
 garbage-first heap   total 140288K, used 109642K [0x0000000080000000, 0x0000000100000000)
  region size 1024K, 46 young (47104K), 6 survivors (6144K)
 Metaspace       used 68791K, committed 69504K, reserved 1114112K
  class space    used 9377K, committed 9728K, reserved 1048576K
}
Event: 18.450 GC heap after
{Heap after GC invocations=35 (full 0):
 garbage-first heap   total 140288K, used 73149K [0x0000000080000000, 0x0000000100000000)
  region size 1024K, 6 young (6144K), 6 survivors (6144K)
 Metaspace       used 68791K, committed 69504K, reserved 1114112K
  class space    used 9377K, committed 9728K, reserved 1048576K
}
Event: 19.654 GC heap before
{Heap before GC invocations=35 (full 0):
 garbage-first heap   total 140288K, used 111037K [0x0000000080000000, 0x0000000100000000)
  region size 1024K, 44 young (45056K), 6 survivors (6144K)
 Metaspace       used 69054K, committed 69760K, reserved 1114112K
  class space    used 9379K, committed 9728K, reserved 1048576K
}
Event: 19.665 GC heap after
{Heap after GC invocations=36 (full 0):
 garbage-first heap   total 140288K, used 74259K [0x0000000080000000, 0x0000000100000000)
  region size 1024K, 2 young (2048K), 2 survivors (2048K)
 Metaspace       used 69054K, committed 69760K, reserved 1114112K
  class space    used 9379K, committed 9728K, reserved 1048576K
}
Event: 20.545 GC heap before
{Heap before GC invocations=37 (full 0):
 garbage-first heap   total 140288K, used 113171K [0x0000000080000000, 0x0000000100000000)
  region size 1024K, 41 young (41984K), 2 survivors (2048K)
 Metaspace       used 69339K, committed 70080K, reserved 1114112K
  class space    used 9439K, committed 9792K, reserved 1048576K
}
Event: 20.550 GC heap after
{Heap after GC invocations=38 (full 0):
 garbage-first heap   total 140288K, used 75534K [0x0000000080000000, 0x0000000100000000)
  region size 1024K, 3 young (3072K), 3 survivors (3072K)
 Metaspace       used 69339K, committed 70080K, reserved 1114112K
  class space    used 9439K, committed 9792K, reserved 1048576K
}
Event: 21.332 GC heap before
{Heap before GC invocations=38 (full 0):
 garbage-first heap   total 140288K, used 115470K [0x0000000080000000, 0x0000000100000000)
  region size 1024K, 43 young (44032K), 3 survivors (3072K)
 Metaspace       used 75750K, committed 76416K, reserved 1179648K
  class space    used 10710K, committed 11008K, reserved 1048576K
}
Event: 21.337 GC heap after
{Heap after GC invocations=39 (full 0):
 garbage-first heap   total 140288K, used 76644K [0x0000000080000000, 0x0000000100000000)
  region size 1024K, 4 young (4096K), 4 survivors (4096K)
 Metaspace       used 75750K, committed 76416K, reserved 1179648K
  class space    used 10710K, committed 11008K, reserved 1048576K
}
Event: 22.072 GC heap before
{Heap before GC invocations=40 (full 0):
 garbage-first heap   total 140288K, used 117604K [0x0000000080000000, 0x0000000100000000)
  region size 1024K, 44 young (45056K), 4 survivors (4096K)
 Metaspace       used 81429K, committed 82176K, reserved 1179648K
  class space    used 11441K, committed 11776K, reserved 1048576K
}
Event: 22.078 GC heap after
{Heap after GC invocations=41 (full 0):
 garbage-first heap   total 140288K, used 77563K [0x0000000080000000, 0x0000000100000000)
  region size 1024K, 4 young (4096K), 4 survivors (4096K)
 Metaspace       used 81429K, committed 82176K, reserved 1179648K
  class space    used 11441K, committed 11776K, reserved 1048576K
}
Event: 22.627 GC heap before
{Heap before GC invocations=41 (full 0):
 garbage-first heap   total 140288K, used 108283K [0x0000000080000000, 0x0000000100000000)
  region size 1024K, 35 young (35840K), 4 survivors (4096K)
 Metaspace       used 85171K, committed 85888K, reserved 1179648K
  class space    used 11926K, committed 12288K, reserved 1048576K
}
Event: 22.634 GC heap after
{Heap after GC invocations=42 (full 0):
 garbage-first heap   total 140288K, used 78452K [0x0000000080000000, 0x0000000100000000)
  region size 1024K, 3 young (3072K), 3 survivors (3072K)
 Metaspace       used 85171K, committed 85888K, reserved 1179648K
  class space    used 11926K, committed 12288K, reserved 1048576K
}
Event: 23.003 GC heap before
{Heap before GC invocations=43 (full 0):
 garbage-first heap   total 145408K, used 115316K [0x0000000080000000, 0x0000000100000000)
  region size 1024K, 33 young (33792K), 3 survivors (3072K)
 Metaspace       used 85544K, committed 86336K, reserved 1179648K
  class space    used 11936K, committed 12288K, reserved 1048576K
}
Event: 23.030 GC heap after
{Heap after GC invocations=44 (full 0):
 garbage-first heap   total 145408K, used 96577K [0x0000000080000000, 0x0000000100000000)
  region size 1024K, 6 young (6144K), 6 survivors (6144K)
 Metaspace       used 85544K, committed 86336K, reserved 1179648K
  class space    used 11936K, committed 12288K, reserved 1048576K
}
Event: 23.254 GC heap before
{Heap before GC invocations=45 (full 0):
 garbage-first heap   total 171008K, used 103745K [0x0000000080000000, 0x0000000100000000)
  region size 1024K, 13 young (13312K), 6 survivors (6144K)
 Metaspace       used 85551K, committed 86336K, reserved 1179648K
  class space    used 11938K, committed 12288K, reserved 1048576K
}
Event: 23.270 GC heap after
{Heap after GC invocations=46 (full 0):
 garbage-first heap   total 171008K, used 93353K [0x0000000080000000, 0x0000000100000000)
  region size 1024K, 3 young (3072K), 3 survivors (3072K)
 Metaspace       used 85551K, committed 86336K, reserved 1179648K
  class space    used 11938K, committed 12288K, reserved 1048576K
}

