# JRE version: OpenJDK Runtime Environment (17.0.10) (build 17.0.10+0--11572160)
# Java VM: OpenJDK 64-Bit Server VM (17.0.10+0--11572160, mixed mode, tiered, compressed oops, compressed class ptrs, g1 gc, windows-amd64)
GC Precious Log:
 CPUs: 4 total, 4 available
 Memory: 3953M
 Large Page Support: Disabled
 NUMA Support: Disabled
 Compressed Oops: Enabled (32-bit)
 Heap Region Size: 1M
 Heap Min Capacity: 8M
 Heap Initial Capacity: 62M
 Heap Max Capacity: 2G
 Pre-touch: Disabled
 Parallel Workers: 4
 Concurrent Workers: 1
 Concurrent Refinement Workers: 4
 Periodic GC: Disabled
Heap:
 garbage-first heap   total 63488K, used 47120K [0x0000000080000000, 0x0000000100000000)
  region size 1024K, 29 young (29696K), 4 survivors (4096K)
 Metaspace       used 31913K, committed 32256K, reserved 1114112K
  class space    used 4310K, committed 4480K, reserved 1048576K
GC Heap History (16 events):
Event: 1.408 GC heap before
{Heap before GC invocations=0 (full 0):
 garbage-first heap   total 63488K, used 13312K [0x0000000080000000, 0x0000000100000000)
  region size 1024K, 13 young (13312K), 0 survivors (0K)
 Metaspace       used 7011K, committed 7168K, reserved 1114112K
  class space    used 617K, committed 704K, reserved 1048576K
}
Event: 1.417 GC heap after
{Heap after GC invocations=1 (full 0):
 garbage-first heap   total 63488K, used 1216K [0x0000000080000000, 0x0000000100000000)
  region size 1024K, 2 young (2048K), 2 survivors (2048K)
 Metaspace       used 7011K, committed 7168K, reserved 1114112K
  class space    used 617K, committed 704K, reserved 1048576K
}
Event: 3.175 GC heap before
{Heap before GC invocations=1 (full 0):
 garbage-first heap   total 63488K, used 22720K [0x0000000080000000, 0x0000000100000000)
  region size 1024K, 21 young (21504K), 2 survivors (2048K)
 Metaspace       used 9070K, committed 9280K, reserved 1114112K
  class space    used 842K, committed 960K, reserved 1048576K
}
Event: 3.188 GC heap after
{Heap after GC invocations=2 (full 0):
 garbage-first heap   total 63488K, used 9804K [0x0000000080000000, 0x0000000100000000)
  region size 1024K, 3 young (3072K), 3 survivors (3072K)
 Metaspace       used 9070K, committed 9280K, reserved 1114112K
  class space    used 842K, committed 960K, reserved 1048576K
}
Event: 5.390 GC heap before
{Heap before GC invocations=2 (full 0):
 garbage-first heap   total 63488K, used 44620K [0x0000000080000000, 0x0000000100000000)
  region size 1024K, 37 young (37888K), 3 survivors (3072K)
 Metaspace       used 11923K, committed 12096K, reserved 1114112K
  class space    used 1259K, committed 1344K, reserved 1048576K
}
Event: 5.402 GC heap after
{Heap after GC invocations=3 (full 0):
 garbage-first heap   total 63488K, used 11560K [0x0000000080000000, 0x0000000100000000)
  region size 1024K, 5 young (5120K), 5 survivors (5120K)
 Metaspace       used 11923K, committed 12096K, reserved 1114112K
  class space    used 1259K, committed 1344K, reserved 1048576K
}
Event: 6.674 GC heap before
{Heap before GC invocations=3 (full 0):
 garbage-first heap   total 63488K, used 46376K [0x0000000080000000, 0x0000000100000000)
  region size 1024K, 37 young (37888K), 5 survivors (5120K)
 Metaspace       used 11978K, committed 12096K, reserved 1114112K
  class space    used 1259K, committed 1344K, reserved 1048576K
}
Event: 6.685 GC heap after
{Heap after GC invocations=4 (full 0):
 garbage-first heap   total 63488K, used 15877K [0x0000000080000000, 0x0000000100000000)
  region size 1024K, 5 young (5120K), 5 survivors (5120K)
 Metaspace       used 11978K, committed 12096K, reserved 1114112K
  class space    used 1259K, committed 1344K, reserved 1048576K
}
Event: 9.154 GC heap before
{Heap before GC invocations=4 (full 0):
 garbage-first heap   total 63488K, used 45573K [0x0000000080000000, 0x0000000100000000)
  region size 1024K, 34 young (34816K), 5 survivors (5120K)
 Metaspace       used 19774K, committed 19968K, reserved 1114112K
  class space    used 2314K, committed 2432K, reserved 1048576K
}
Event: 9.164 GC heap after
{Heap after GC invocations=5 (full 0):
 garbage-first heap   total 63488K, used 19475K [0x0000000080000000, 0x0000000100000000)
  region size 1024K, 4 young (4096K), 4 survivors (4096K)
 Metaspace       used 19774K, committed 19968K, reserved 1114112K
  class space    used 2314K, committed 2432K, reserved 1048576K
}
Event: 9.465 GC heap before
{Heap before GC invocations=5 (full 0):
 garbage-first heap   total 63488K, used 26643K [0x0000000080000000, 0x0000000100000000)
  region size 1024K, 12 young (12288K), 4 survivors (4096K)
 Metaspace       used 21270K, committed 21504K, reserved 1114112K
  class space    used 2530K, committed 2688K, reserved 1048576K
}
Event: 9.474 GC heap after
{Heap after GC invocations=6 (full 0):
 garbage-first heap   total 63488K, used 19963K [0x0000000080000000, 0x0000000100000000)
  region size 1024K, 1 young (1024K), 1 survivors (1024K)
 Metaspace       used 21270K, committed 21504K, reserved 1114112K
  class space    used 2530K, committed 2688K, reserved 1048576K
}
Event: 10.536 GC heap before
{Heap before GC invocations=7 (full 0):
 garbage-first heap   total 63488K, used 47611K [0x0000000080000000, 0x0000000100000000)
  region size 1024K, 28 young (28672K), 1 survivors (1024K)
 Metaspace       used 25649K, committed 25920K, reserved 1114112K
  class space    used 3228K, committed 3328K, reserved 1048576K
}
Event: 10.542 GC heap after
{Heap after GC invocations=8 (full 0):
 garbage-first heap   total 63488K, used 20823K [0x0000000080000000, 0x0000000100000000)
  region size 1024K, 2 young (2048K), 2 survivors (2048K)
 Metaspace       used 25649K, committed 25920K, reserved 1114112K
  class space    used 3228K, committed 3328K, reserved 1048576K
}
Event: 11.680 GC heap before
{Heap before GC invocations=8 (full 0):
 garbage-first heap   total 63488K, used 48471K [0x0000000080000000, 0x0000000100000000)
  region size 1024K, 29 young (29696K), 2 survivors (2048K)
 Metaspace       used 28869K, committed 29184K, reserved 1114112K
  class space    used 3819K, committed 3968K, reserved 1048576K
}
Event: 11.687 GC heap after
{Heap after GC invocations=9 (full 0):
 garbage-first heap   total 63488K, used 22544K [0x0000000080000000, 0x0000000100000000)
  region size 1024K, 4 young (4096K), 4 survivors (4096K)
 Metaspace       used 28869K, committed 29184K, reserved 1114112K
  class space    used 3819K, committed 3968K, reserved 1048576K
}

