# JRE version: OpenJDK Runtime Environment (17.0.10) (build 17.0.10+0--11572160)
# Java VM: OpenJDK 64-Bit Server VM (17.0.10+0--11572160, mixed mode, tiered, compressed oops, compressed class ptrs, g1 gc, windows-amd64)
GC Precious Log:
 CPUs: 4 total, 4 available
 Memory: 3953M
 Large Page Support: Disabled
 NUMA Support: Disabled
 Compressed Oops: Enabled (32-bit)
 Heap Region Size: 1M
 Heap Min Capacity: 8M
 Heap Initial Capacity: 62M
 Heap Max Capacity: 2G
 Pre-touch: Disabled
 Parallel Workers: 4
 Concurrent Workers: 1
 Concurrent Refinement Workers: 4
 Periodic GC: Disabled
Heap:
 garbage-first heap   total 140288K, used 86041K [0x0000000080000000, 0x0000000100000000)
  region size 1024K, 13 young (13312K), 3 survivors (3072K)
 Metaspace       used 70976K, committed 71616K, reserved 1114112K
  class space    used 9676K, committed 9984K, reserved 1048576K
GC Heap History (20 events):
Event: 9.555 GC heap before
{Heap before GC invocations=19 (full 0):
 garbage-first heap   total 133120K, used 46210K [0x0000000080000000, 0x0000000100000000)
  region size 1024K, 7 young (7168K), 6 survivors (6144K)
 Metaspace       used 43277K, committed 43776K, reserved 1114112K
  class space    used 5790K, committed 6016K, reserved 1048576K
}
Event: 9.561 GC heap after
{Heap after GC invocations=20 (full 0):
 garbage-first heap   total 133120K, used 45513K [0x0000000080000000, 0x0000000100000000)
  region size 1024K, 1 young (1024K), 1 survivors (1024K)
 Metaspace       used 43277K, committed 43776K, reserved 1114112K
  class space    used 5790K, committed 6016K, reserved 1048576K
}
Event: 10.638 GC heap before
{Heap before GC invocations=20 (full 0):
 garbage-first heap   total 133120K, used 101833K [0x0000000080000000, 0x0000000100000000)
  region size 1024K, 52 young (53248K), 1 survivors (1024K)
 Metaspace       used 48755K, committed 49216K, reserved 1114112K
  class space    used 6498K, committed 6720K, reserved 1048576K
}
Event: 10.644 GC heap after
{Heap after GC invocations=21 (full 0):
 garbage-first heap   total 133120K, used 48736K [0x0000000080000000, 0x0000000100000000)
  region size 1024K, 4 young (4096K), 4 survivors (4096K)
 Metaspace       used 48755K, committed 49216K, reserved 1114112K
  class space    used 6498K, committed 6720K, reserved 1048576K
}
Event: 11.935 GC heap before
{Heap before GC invocations=21 (full 0):
 garbage-first heap   total 133120K, used 105056K [0x0000000080000000, 0x0000000100000000)
  region size 1024K, 54 young (55296K), 4 survivors (4096K)
 Metaspace       used 53282K, committed 53824K, reserved 1114112K
  class space    used 7225K, committed 7488K, reserved 1048576K
}
Event: 11.943 GC heap after
{Heap after GC invocations=22 (full 0):
 garbage-first heap   total 133120K, used 59877K [0x0000000080000000, 0x0000000100000000)
  region size 1024K, 5 young (5120K), 5 survivors (5120K)
 Metaspace       used 53282K, committed 53824K, reserved 1114112K
  class space    used 7225K, committed 7488K, reserved 1048576K
}
Event: 12.906 GC heap before
{Heap before GC invocations=22 (full 0):
 garbage-first heap   total 133120K, used 106981K [0x0000000080000000, 0x0000000100000000)
  region size 1024K, 47 young (48128K), 5 survivors (5120K)
 Metaspace       used 57472K, committed 58048K, reserved 1114112K
  class space    used 7659K, committed 7936K, reserved 1048576K
}
Event: 12.915 GC heap after
{Heap after GC invocations=23 (full 0):
 garbage-first heap   total 133120K, used 66718K [0x0000000080000000, 0x0000000100000000)
  region size 1024K, 4 young (4096K), 4 survivors (4096K)
 Metaspace       used 57472K, committed 58048K, reserved 1114112K
  class space    used 7659K, committed 7936K, reserved 1048576K
}
Event: 13.717 GC heap before
{Heap before GC invocations=23 (full 0):
 garbage-first heap   total 133120K, used 103582K [0x0000000080000000, 0x0000000100000000)
  region size 1024K, 42 young (43008K), 4 survivors (4096K)
 Metaspace       used 59584K, committed 60160K, reserved 1114112K
  class space    used 7990K, committed 8256K, reserved 1048576K
}
Event: 13.727 GC heap after
{Heap after GC invocations=24 (full 0):
 garbage-first heap   total 133120K, used 67523K [0x0000000080000000, 0x0000000100000000)
  region size 1024K, 1 young (1024K), 1 survivors (1024K)
 Metaspace       used 59584K, committed 60160K, reserved 1114112K
  class space    used 7990K, committed 8256K, reserved 1048576K
}
Event: 14.622 GC heap before
{Heap before GC invocations=25 (full 0):
 garbage-first heap   total 133120K, used 108483K [0x0000000080000000, 0x0000000100000000)
  region size 1024K, 41 young (41984K), 1 survivors (1024K)
 Metaspace       used 64738K, committed 65344K, reserved 1114112K
  class space    used 8782K, committed 9088K, reserved 1048576K
}
Event: 14.627 GC heap after
{Heap after GC invocations=26 (full 0):
 garbage-first heap   total 133120K, used 68881K [0x0000000080000000, 0x0000000100000000)
  region size 1024K, 3 young (3072K), 3 survivors (3072K)
 Metaspace       used 64738K, committed 65344K, reserved 1114112K
  class space    used 8782K, committed 9088K, reserved 1048576K
}
Event: 15.593 GC heap before
{Heap before GC invocations=27 (full 0):
 garbage-first heap   total 133120K, used 108817K [0x0000000080000000, 0x0000000100000000)
  region size 1024K, 42 young (43008K), 3 survivors (3072K)
 Metaspace       used 68245K, committed 68928K, reserved 1114112K
  class space    used 9350K, committed 9664K, reserved 1048576K
}
Event: 15.600 GC heap after
{Heap after GC invocations=28 (full 0):
 garbage-first heap   total 133120K, used 72172K [0x0000000080000000, 0x0000000100000000)
  region size 1024K, 6 young (6144K), 6 survivors (6144K)
 Metaspace       used 68245K, committed 68928K, reserved 1114112K
  class space    used 9350K, committed 9664K, reserved 1048576K
}
Event: 16.527 GC heap before
{Heap before GC invocations=28 (full 0):
 garbage-first heap   total 133120K, used 109036K [0x0000000080000000, 0x0000000100000000)
  region size 1024K, 43 young (44032K), 6 survivors (6144K)
 Metaspace       used 68910K, committed 69568K, reserved 1114112K
  class space    used 9371K, committed 9664K, reserved 1048576K
}
Event: 16.538 GC heap after
{Heap after GC invocations=29 (full 0):
 garbage-first heap   total 133120K, used 74179K [0x0000000080000000, 0x0000000100000000)
  region size 1024K, 6 young (6144K), 6 survivors (6144K)
 Metaspace       used 68910K, committed 69568K, reserved 1114112K
  class space    used 9371K, committed 9664K, reserved 1048576K
}
Event: 16.988 GC heap before
{Heap before GC invocations=29 (full 0):
 garbage-first heap   total 133120K, used 108995K [0x0000000080000000, 0x0000000100000000)
  region size 1024K, 41 young (41984K), 6 survivors (6144K)
 Metaspace       used 69031K, committed 69696K, reserved 1114112K
  class space    used 9371K, committed 9664K, reserved 1048576K
}
Event: 16.998 GC heap after
{Heap after GC invocations=30 (full 0):
 garbage-first heap   total 133120K, used 75894K [0x0000000080000000, 0x0000000100000000)
  region size 1024K, 4 young (4096K), 4 survivors (4096K)
 Metaspace       used 69031K, committed 69696K, reserved 1114112K
  class space    used 9371K, committed 9664K, reserved 1048576K
}
Event: 17.596 GC heap before
{Heap before GC invocations=31 (full 0):
 garbage-first heap   total 140288K, used 110710K [0x0000000080000000, 0x0000000100000000)
  region size 1024K, 39 young (39936K), 4 survivors (4096K)
 Metaspace       used 69454K, committed 70144K, reserved 1114112K
  class space    used 9452K, committed 9792K, reserved 1048576K
}
Event: 17.603 GC heap after
{Heap after GC invocations=32 (full 0):
 garbage-first heap   total 140288K, used 76825K [0x0000000080000000, 0x0000000100000000)
  region size 1024K, 3 young (3072K), 3 survivors (3072K)
 Metaspace       used 69454K, committed 70144K, reserved 1114112K
  class space    used 9452K, committed 9792K, reserved 1048576K
}

